<?xml version="1.0" encoding="UTF-8"?>
<testng-results ignored="0" total="1" passed="1" failed="0" skipped="0">
  <reporter-output>
  </reporter-output>
  <suite started-at="2022-11-22T22:24:18 EST" name="Surefire suite" finished-at="2022-11-22T22:24:29 EST" duration-ms="10131">
    <groups>
    </groups>
    <test started-at="2022-11-22T22:24:18 EST" name="Surefire test" finished-at="2022-11-22T22:24:29 EST" duration-ms="10131">
      <class name="com.FirstProject.TestNGpractice">
        <test-method signature="test1()[pri:0, instance:com.FirstProject.TestNGpractice@3c87521]" started-at="2022-11-22T22:24:19 EST" name="test1" finished-at="2022-11-22T22:24:29 EST" duration-ms="10101" status="PASS">
          <reporter-output>
          </reporter-output>
        </test-method> <!-- test1 -->
      </class> <!-- com.FirstProject.TestNGpractice -->
    </test> <!-- Surefire test -->
  </suite> <!-- Surefire suite -->
</testng-results>
